<?xml version="1.0" encoding="UTF-8"?>
<!-- Generated by org.testng.reporters.JUnitXMLReporter -->
<testsuite hostname="DESKTOP-JIQFNTL" name="Test" tests="6" failures="0" timestamp="19 Apr 2020 06:21:32 GMT" time="0.104" errors="0">
  <testcase name="deletetwitter" time="0.019" classname="qaclickacademy.restapiTest"/>
  <testcase name="postjira" time="0.025" classname="qaclickacademy.restapiTest"/>
  <testcase name="iosapp" time="0.004" classname="qaclickacademy.appiumTest"/>
  <testcase name="nativeappandroid" time="0.004" classname="qaclickacademy.appiumTest"/>
  <testcase name="browserautomation" time="0.002" classname="qaclickacademy.seleniumTest"/>
  <testcase name="elementui" time="0.002" classname="qaclickacademy.seleniumTest"/>
</testsuite> <!-- Test -->
