<?xml version="1.0" encoding="UTF-8"?>
<!-- Generated by org.testng.reporters.JUnitXMLReporter -->
<testsuite hostname="DESKTOP-JIQFNTL" name="Test" tests="4" failures="0" timestamp="22 Apr 2020 15:21:16 GMT" time="0.027" errors="0">
  <testcase name="iosapp" time="0.009" classname="qaclickacademy.appiumTest"/>
  <testcase name="nativeappandroid" time="0.001" classname="qaclickacademy.appiumTest"/>
  <testcase name="browserautomation" time="0.003" classname="qaclickacademy.seleniumTest"/>
  <testcase name="elementui" time="0.001" classname="qaclickacademy.seleniumTest"/>
</testsuite> <!-- Test -->
