<?xml version="1.0" encoding="UTF-8"?>
<testng-results skipped="0" failed="0" total="4" passed="4">
  <reporter-output>
  </reporter-output>
  <suite name="Suite" duration-ms="27" started-at="2020-04-22T15:21:16Z" finished-at="2020-04-22T15:21:16Z">
    <groups>
    </groups>
    <test name="Test" duration-ms="27" started-at="2020-04-22T15:21:16Z" finished-at="2020-04-22T15:21:16Z">
      <class name="qaclickacademy.appiumTest">
        <test-method status="PASS" signature="iosapp()[pri:0, instance:qaclickacademy.appiumTest@77e4c80f]" name="iosapp" duration-ms="9" started-at="2020-04-22T20:51:16Z" finished-at="2020-04-22T20:51:16Z">
          <reporter-output>
          </reporter-output>
        </test-method> <!-- iosapp -->
        <test-method status="PASS" signature="nativeappandroid()[pri:0, instance:qaclickacademy.appiumTest@77e4c80f]" name="nativeappandroid" duration-ms="1" started-at="2020-04-22T20:51:16Z" finished-at="2020-04-22T20:51:16Z">
          <reporter-output>
          </reporter-output>
        </test-method> <!-- nativeappandroid -->
      </class> <!-- qaclickacademy.appiumTest -->
      <class name="qaclickacademy.seleniumTest">
        <test-method status="PASS" signature="browserautomation()[pri:0, instance:qaclickacademy.seleniumTest@18a70f16]" name="browserautomation" duration-ms="3" started-at="2020-04-22T20:51:16Z" finished-at="2020-04-22T20:51:16Z">
          <reporter-output>
          </reporter-output>
        </test-method> <!-- browserautomation -->
        <test-method status="PASS" signature="elementui()[pri:0, instance:qaclickacademy.seleniumTest@18a70f16]" name="elementui" duration-ms="1" started-at="2020-04-22T20:51:16Z" finished-at="2020-04-22T20:51:16Z">
          <reporter-output>
          </reporter-output>
        </test-method> <!-- elementui -->
      </class> <!-- qaclickacademy.seleniumTest -->
    </test> <!-- Test -->
  </suite> <!-- Suite -->
</testng-results>
