<?xml version="1.0" encoding="UTF-8"?>
<testng-results skipped="0" failed="0" total="6" passed="6">
  <reporter-output>
  </reporter-output>
  <suite name="Suite" duration-ms="104" started-at="2020-04-19T06:21:32Z" finished-at="2020-04-19T06:21:32Z">
    <groups>
    </groups>
    <test name="Test" duration-ms="104" started-at="2020-04-19T06:21:32Z" finished-at="2020-04-19T06:21:32Z">
      <class name="qaclickacademy.appiumTest">
        <test-method status="PASS" signature="iosapp()[pri:0, instance:qaclickacademy.appiumTest@2aa5fe93]" name="iosapp" duration-ms="4" started-at="2020-04-19T11:51:32Z" finished-at="2020-04-19T11:51:32Z">
          <reporter-output>
          </reporter-output>
        </test-method> <!-- iosapp -->
        <test-method status="PASS" signature="nativeappandroid()[pri:0, instance:qaclickacademy.appiumTest@2aa5fe93]" name="nativeappandroid" duration-ms="4" started-at="2020-04-19T11:51:32Z" finished-at="2020-04-19T11:51:32Z">
          <reporter-output>
          </reporter-output>
        </test-method> <!-- nativeappandroid -->
      </class> <!-- qaclickacademy.appiumTest -->
      <class name="qaclickacademy.restapiTest">
        <test-method status="PASS" signature="deletetwitter()[pri:0, instance:qaclickacademy.restapiTest@3b2cf7ab]" name="deletetwitter" duration-ms="19" started-at="2020-04-19T11:51:32Z" finished-at="2020-04-19T11:51:32Z">
          <reporter-output>
          </reporter-output>
        </test-method> <!-- deletetwitter -->
        <test-method status="PASS" signature="postjira()[pri:0, instance:qaclickacademy.restapiTest@3b2cf7ab]" name="postjira" duration-ms="25" started-at="2020-04-19T11:51:32Z" finished-at="2020-04-19T11:51:32Z">
          <reporter-output>
          </reporter-output>
        </test-method> <!-- postjira -->
      </class> <!-- qaclickacademy.restapiTest -->
      <class name="qaclickacademy.seleniumTest">
        <test-method status="PASS" signature="browserautomation()[pri:0, instance:qaclickacademy.seleniumTest@7920ba90]" name="browserautomation" duration-ms="2" started-at="2020-04-19T11:51:32Z" finished-at="2020-04-19T11:51:32Z">
          <reporter-output>
          </reporter-output>
        </test-method> <!-- browserautomation -->
        <test-method status="PASS" signature="elementui()[pri:0, instance:qaclickacademy.seleniumTest@7920ba90]" name="elementui" duration-ms="2" started-at="2020-04-19T11:51:32Z" finished-at="2020-04-19T11:51:32Z">
          <reporter-output>
          </reporter-output>
        </test-method> <!-- elementui -->
      </class> <!-- qaclickacademy.seleniumTest -->
    </test> <!-- Test -->
  </suite> <!-- Suite -->
</testng-results>
